Start Run of 'lambda.005'

Two D Image View On 120kbp.000 Passed

Flatten Image View On 120kbp.000 Passed

Journal Quality Export View On 120kbp.000 Passed

Two D Image View On 120kbp.001 Passed

Flatten Image View On 120kbp.001 Passed

Journal Quality Export View On 120kbp.001 Passed

Two D Image View On 120kbpapts.000 Passed

Flatten Image View On 120kbpapts.000 Passed

Journal Quality Export View On 120kbpapts.000 Passed

Two D Image View On 120kbpapts.001 Passed

Flatten Image View On 120kbpapts.001 Passed

Journal Quality Export View On 120kbpapts.001 Passed

Two D Image View On 120kbpapts.002 Passed

Flatten Image View On 120kbpapts.002 Passed

Journal Quality Export View On 120kbpapts.002 Passed

Two D Image View On lambda.000 Passed

Flatten Image View On lambda.000 Passed

Journal Quality Export View On lambda.000 Passed

Two D Image View On lambda.001 Passed

Flatten Image View On lambda.001 Passed

Journal Quality Export View On lambda.001 Passed

Two D Image View On lambda.002 Passed

Flatten Image View On lambda.002 Passed

Journal Quality Export View On lambda.002 Passed

Two D Image View On lambda.003 Passed

Flatten Image View On lambda.003 Passed

Journal Quality Export View On lambda.003 Passed

Two D Image View On lambda.004 Passed

Flatten Image View On lambda.004 Passed

Journal Quality Export View On lambda.004 Passed

Two D Image View On lambda.005 Passed

Flatten Image View On lambda.005 Passed

Journal Quality Export View On lambda.005 Passed

Two D Image View On lambda.006 Passed

Flatten Image View On lambda.006 Passed

Journal Quality Export View On lambda.006 Passed

Two D Image View On lambda.007 Passed

Flatten Image View On lambda.007 Passed

Journal Quality Export View On lambda.007 Passed

Two D Image View On lambda.008 Passed

Flatten Image View On lambda.008 Passed

Journal Quality Export View On lambda.008 Passed

Two D Image View On lambda.009 Passed

Flatten Image View On lambda.009 Passed

Journal Quality Export View On lambda.009 Passed

Two D Image View On lambda.010 Passed

Flatten Image View On lambda.010 Passed

Journal Quality Export View On lambda.010 Passed

Two D Image View On lambda.011 Passed

Flatten Image View On lambda.011 Passed

Journal Quality Export View On lambda.011 Passed

Two D Image View On lambda.012 Passed

Flatten Image View On lambda.012 Passed

Journal Quality Export View On lambda.012 Passed

Two D Image View On lambda.013 Passed

Flatten Image View On lambda.013 Passed

Journal Quality Export View On lambda.013 Passed

Two D Image View On lambda.014 Passed

Flatten Image View On lambda.014 Passed

Journal Quality Export View On lambda.014 Passed

Two D Image View On lambda.015 Passed

Flatten Image View On lambda.015 Passed

Journal Quality Export View On lambda.015 Passed

Two D Image View On lambda.016 Passed

Flatten Image View On lambda.016 Passed

Journal Quality Export View On lambda.016 Passed

Two D Image View On lambda.017 Passed

Flatten Image View On lambda.017 Passed

Journal Quality Export View On lambda.017 Passed

See detailed report of results 'lambda.005_07122018051143.txt' saved in same directory.

